TID: [-1234] [] [2018-09-10 17:20:08,297]  INFO {org.wso2.carbon.core.internal.CarbonCoreActivator} -  Starting WSO2 Carbon... {org.wso2.carbon.core.internal.CarbonCoreActivator}
TID: [-1234] [] [2018-09-10 17:20:08,300]  INFO {org.wso2.carbon.core.internal.CarbonCoreActivator} -  Operating System : Windows 8.1 6.3, amd64 {org.wso2.carbon.core.internal.CarbonCoreActivator}
TID: [-1234] [] [2018-09-10 17:20:08,301]  INFO {org.wso2.carbon.core.internal.CarbonCoreActivator} -  Java Home        : F:\Develop\Java\jdk1.7.0_60\jre {org.wso2.carbon.core.internal.CarbonCoreActivator}
TID: [-1234] [] [2018-09-10 17:20:08,301]  INFO {org.wso2.carbon.core.internal.CarbonCoreActivator} -  Java Version     : 1.7.0_60 {org.wso2.carbon.core.internal.CarbonCoreActivator}
TID: [-1234] [] [2018-09-10 17:20:08,301]  INFO {org.wso2.carbon.core.internal.CarbonCoreActivator} -  Java VM          : Java HotSpot(TM) 64-Bit Server VM 24.60-b09,Oracle Corporation {org.wso2.carbon.core.internal.CarbonCoreActivator}
TID: [-1234] [] [2018-09-10 17:20:08,301]  INFO {org.wso2.carbon.core.internal.CarbonCoreActivator} -  Carbon Home      : F:\wso2esb-5.0.0-v2.0\bin\.. {org.wso2.carbon.core.internal.CarbonCoreActivator}
TID: [-1234] [] [2018-09-10 17:20:08,302]  INFO {org.wso2.carbon.core.internal.CarbonCoreActivator} -  Java Temp Dir    : F:\wso2esb-5.0.0-v2.0\bin\..\tmp {org.wso2.carbon.core.internal.CarbonCoreActivator}
TID: [-1234] [] [2018-09-10 17:20:08,302]  INFO {org.wso2.carbon.core.internal.CarbonCoreActivator} -  User             : Lumos, zh-CN, Asia/Shanghai {org.wso2.carbon.core.internal.CarbonCoreActivator}
TID: [-1234] [] [2018-09-10 17:20:08,412]  WARN {org.wso2.carbon.core.bootup.validator.util.ValidationResultPrinter} -  The running OS : Windows 8.1 is not a tested Operating System for running WSO2 Carbon {org.wso2.carbon.core.bootup.validator.util.ValidationResultPrinter}
TID: [-1234] [] [2018-09-10 17:20:08,413]  WARN {org.wso2.carbon.core.bootup.validator.util.ValidationResultPrinter} -  Carbon is configured to use the default keystore (wso2carbon.jks). To maximize security when deploying to a production environment, configure a new keystore with a unique password in the production server profile. {org.wso2.carbon.core.bootup.validator.util.ValidationResultPrinter}
TID: [-1] [] [2018-09-10 17:20:08,669]  INFO {org.wso2.carbon.event.output.adapter.kafka.internal.ds.KafkaEventAdapterServiceDS} -  Successfully deployed the Kafka output event adaptor service {org.wso2.carbon.event.output.adapter.kafka.internal.ds.KafkaEventAdapterServiceDS}
TID: [-1] [] [2018-09-10 17:20:08,735]  INFO {org.wso2.carbon.event.processor.manager.core.internal.util.ManagementModeConfigurationLoader} -  CEP started in Single node mode {org.wso2.carbon.event.processor.manager.core.internal.util.ManagementModeConfigurationLoader}
TID: [-1234] [] [2018-09-10 17:20:10,432]  INFO {org.wso2.carbon.registry.core.jdbc.EmbeddedRegistryService} -  Configured Registry in 139ms {org.wso2.carbon.registry.core.jdbc.EmbeddedRegistryService}
TID: [-1234] [] [2018-09-10 17:20:10,643]  INFO {org.wso2.carbon.registry.core.internal.RegistryCoreServiceComponent} -  Registry Mode    : READ-WRITE {org.wso2.carbon.registry.core.internal.RegistryCoreServiceComponent}
TID: [-1234] [] [2018-09-10 17:20:13,746]  INFO {org.wso2.carbon.registry.indexing.solr.SolrClient} -  Default Embedded Solr Server Initialized {org.wso2.carbon.registry.indexing.solr.SolrClient}
TID: [-1234] [] [2018-09-10 17:20:14,865]  INFO {org.wso2.carbon.user.core.internal.UserStoreMgtDSComponent} -  Carbon UserStoreMgtDSComponent activated successfully. {org.wso2.carbon.user.core.internal.UserStoreMgtDSComponent}
TID: [-1] [] [2018-09-10 17:20:30,486]  INFO {org.apache.catalina.startup.TaglibUriRule} -  TLD skipped. URI: http://tiles.apache.org/tags-tiles is already defined {org.apache.catalina.startup.TaglibUriRule}
TID: [-1234] [] [2018-09-10 17:20:31,579]  INFO {org.apache.axis2.deployment.ClusterBuilder} -  Clustering has been disabled {org.apache.axis2.deployment.ClusterBuilder}
TID: [-1234] [] [2018-09-10 17:20:31,767]  INFO {org.wso2.carbon.identity.user.store.configuration.deployer.UserStoreConfigurationDeployer} -  User Store Configuration Deployer initiated. {org.wso2.carbon.identity.user.store.configuration.deployer.UserStoreConfigurationDeployer}
TID: [-1234] [] [2018-09-10 17:20:31,767]  INFO {org.wso2.carbon.identity.user.store.configuration.deployer.UserStoreConfigurationDeployer} -  User Store Configuration Deployer initiated. {org.wso2.carbon.identity.user.store.configuration.deployer.UserStoreConfigurationDeployer}
TID: [-1234] [] [2018-09-10 17:20:31,777]  INFO {org.apache.synapse.transport.passthru.PassThroughHttpSSLSender} -  Initializing Pass-through HTTP/S Sender... {org.apache.synapse.transport.passthru.PassThroughHttpSSLSender}
TID: [-1234] [] [2018-09-10 17:20:31,783]  INFO {org.apache.synapse.transport.passthru.PassThroughHttpSSLSender} -  No proxy configuration found {org.apache.synapse.transport.passthru.PassThroughHttpSSLSender}
TID: [-1234] [] [2018-09-10 17:20:31,804]  INFO {org.apache.synapse.transport.nhttp.config.ClientConnFactoryBuilder} -  HTTPS Loading Identity Keystore from : repository/resources/security/wso2carbon.jks {org.apache.synapse.transport.nhttp.config.ClientConnFactoryBuilder}
TID: [-1234] [] [2018-09-10 17:20:31,808]  INFO {org.apache.synapse.transport.nhttp.config.ClientConnFactoryBuilder} -  HTTPS Loading Trust Keystore from : repository/resources/security/client-truststore.jks {org.apache.synapse.transport.nhttp.config.ClientConnFactoryBuilder}
TID: [-1234] [] [2018-09-10 17:20:31,838]  INFO {org.apache.synapse.transport.passthru.PassThroughHttpSSLSender} -  Pass-through HTTPS Sender started... {org.apache.synapse.transport.passthru.PassThroughHttpSSLSender}
TID: [-1234] [] [2018-09-10 17:20:31,840]  INFO {org.apache.synapse.transport.passthru.PassThroughHttpSender} -  Initializing Pass-through HTTP/S Sender... {org.apache.synapse.transport.passthru.PassThroughHttpSender}
TID: [-1234] [] [2018-09-10 17:20:31,840]  INFO {org.apache.synapse.transport.passthru.PassThroughHttpSender} -  No proxy configuration found {org.apache.synapse.transport.passthru.PassThroughHttpSender}
TID: [-1234] [] [2018-09-10 17:20:31,842]  INFO {org.apache.synapse.transport.passthru.PassThroughHttpSender} -  Pass-through HTTP Sender started... {org.apache.synapse.transport.passthru.PassThroughHttpSender}
TID: [-1234] [] [2018-09-10 17:20:31,854]  INFO {org.apache.synapse.transport.passthru.PassThroughHttpSSLListener} -  Initializing Pass-through HTTP/S Listener... {org.apache.synapse.transport.passthru.PassThroughHttpSSLListener}
TID: [-1234] [] [2018-09-10 17:20:31,902]  INFO {org.apache.synapse.transport.passthru.PassThroughHttpListener} -  Initializing Pass-through HTTP/S Listener... {org.apache.synapse.transport.passthru.PassThroughHttpListener}
TID: [-1234] [] [2018-09-10 17:20:32,730]  INFO {org.apache.axis2.deployment.ModuleDeployer} -  Deploying module: addressing-1.6.1-wso2v19 - file:/F:/wso2esb-5.0.0-v2.0/bin/../repository/deployment/client/modules/addressing-1.6.1-wso2v19.mar {org.apache.axis2.deployment.ModuleDeployer}
TID: [-1234] [] [2018-09-10 17:20:32,755]  INFO {org.apache.axis2.deployment.ModuleDeployer} -  Deploying module: rampart-1.6.1-wso2v18 - file:/F:/wso2esb-5.0.0-v2.0/bin/../repository/deployment/client/modules/rampart-1.6.1-wso2v18.mar {org.apache.axis2.deployment.ModuleDeployer}
TID: [-1234] [] [2018-09-10 17:20:33,773]  INFO {org.apache.axis2.deployment.DeploymentEngine} -  Deploying Web service: org.wso2.carbon.message.processor-4.6.6 -  {org.apache.axis2.deployment.DeploymentEngine}
TID: [-1234] [] [2018-09-10 17:20:33,790]  INFO {org.apache.axis2.deployment.DeploymentEngine} -  Deploying Web service: org.wso2.carbon.message.store-4.6.6 -  {org.apache.axis2.deployment.DeploymentEngine}
TID: [-1234] [] [2018-09-10 17:20:34,640]  INFO {org.wso2.carbon.core.deployment.DeploymentInterceptor} -  Deploying Axis2 service: wso2carbon-sts {super-tenant} {org.wso2.carbon.core.deployment.DeploymentInterceptor}
TID: [-1234] [] [2018-09-10 17:20:34,657]  INFO {org.apache.axis2.deployment.DeploymentEngine} -  Deploying Web service: org.wso2.carbon.sts-5.1.1 -  {org.apache.axis2.deployment.DeploymentEngine}
TID: [-1234] [] [2018-09-10 17:20:34,782]  INFO {org.apache.axis2.deployment.DeploymentEngine} -  Deploying Web service: org.wso2.carbon.tryit-4.5.4 -  {org.apache.axis2.deployment.DeploymentEngine}
TID: [-1234] [] [2018-09-10 17:20:34,956]  INFO {org.wso2.carbon.core.init.CarbonServerManager} -  Repository       : F:\wso2esb-5.0.0-v2.0\bin\../repository/deployment/server/ {org.wso2.carbon.core.init.CarbonServerManager}
TID: [-1234] [] [2018-09-10 17:20:35,003]  INFO {org.wso2.carbon.core.multitenancy.eager.TenantLoadingConfig} -  Using tenant lazy loading policy... {org.wso2.carbon.core.multitenancy.eager.TenantLoadingConfig}
TID: [-1234] [] [2018-09-10 17:20:35,014]  INFO {org.wso2.carbon.core.internal.permission.update.PermissionUpdater} -  Permission cache updated for tenant -1234 {org.wso2.carbon.core.internal.permission.update.PermissionUpdater}
TID: [-1234] [] [2018-09-10 17:20:35,063]  INFO {org.wso2.carbon.rule.kernel.internal.ds.RuleEngineConfigDS} -  Successfully registered the Rule Config service {org.wso2.carbon.rule.kernel.internal.ds.RuleEngineConfigDS}
TID: [-1234] [] [2018-09-10 17:20:35,114]  INFO {org.wso2.carbon.mediation.initializer.ServiceBusInitializer} -  Starting ESB... {org.wso2.carbon.mediation.initializer.ServiceBusInitializer}
TID: [-1234] [] [2018-09-10 17:20:35,128]  INFO {org.wso2.carbon.mediation.initializer.ServiceBusInitializer} -  Initializing Apache Synapse... {org.wso2.carbon.mediation.initializer.ServiceBusInitializer}
TID: [-1234] [] [2018-09-10 17:20:35,132]  INFO {org.apache.synapse.SynapseControllerFactory} -  Using Synapse home : F:\wso2esb-5.0.0-v2.0\. {org.apache.synapse.SynapseControllerFactory}
TID: [-1234] [] [2018-09-10 17:20:35,133]  INFO {org.apache.synapse.SynapseControllerFactory} -  Using synapse.xml location : F:\wso2esb-5.0.0-v2.0\.\.\repository\deployment\server\synapse-configs\default {org.apache.synapse.SynapseControllerFactory}
TID: [-1234] [] [2018-09-10 17:20:35,133]  INFO {org.apache.synapse.SynapseControllerFactory} -  Using server name : localhost {org.apache.synapse.SynapseControllerFactory}
TID: [-1234] [] [2018-09-10 17:20:35,136]  INFO {org.apache.synapse.SynapseControllerFactory} -  The timeout handler will run every : 15s {org.apache.synapse.SynapseControllerFactory}
TID: [-1234] [] [2018-09-10 17:20:35,142]  INFO {org.apache.synapse.Axis2SynapseController} -  Initializing Synapse at : Mon Sep 10 17:20:35 CST 2018 {org.apache.synapse.Axis2SynapseController}
TID: [-1234] [] [2018-09-10 17:20:35,148]  INFO {org.wso2.carbon.mediation.initializer.CarbonSynapseController} -  Loading the mediation configuration from the file system {org.wso2.carbon.mediation.initializer.CarbonSynapseController}
TID: [-1234] [] [2018-09-10 17:20:35,150]  INFO {org.apache.synapse.config.xml.MultiXMLConfigurationBuilder} -  Building synapse configuration from the synapse artifact repository at : .\.\repository/deployment/server/synapse-configs\default {org.apache.synapse.config.xml.MultiXMLConfigurationBuilder}
TID: [-1234] [] [2018-09-10 17:20:35,154]  INFO {org.apache.synapse.config.xml.XMLConfigurationBuilder} -  Generating the Synapse configuration model by parsing the XML configuration {org.apache.synapse.config.xml.XMLConfigurationBuilder}
TID: [-1234] [] [2018-09-10 17:20:35,242]  INFO {org.wso2.carbon.mediation.dependency.mgt.DependencyTracker} -  Sequence : fault was added to the Synapse configuration successfully {org.wso2.carbon.mediation.dependency.mgt.DependencyTracker}
TID: [-1234] [] [2018-09-10 17:20:35,246]  INFO {org.wso2.carbon.mediation.dependency.mgt.DependencyTracker} -  Sequence : main was added to the Synapse configuration successfully {org.wso2.carbon.mediation.dependency.mgt.DependencyTracker}
TID: [-1234] [] [2018-09-10 17:20:35,247]  INFO {org.apache.synapse.config.SynapseConfigurationBuilder} -  Loaded Synapse configuration from the artifact repository at : .\.\repository/deployment/server/synapse-configs\default {org.apache.synapse.config.SynapseConfigurationBuilder}
TID: [-1234] [] [2018-09-10 17:20:35,247]  INFO {org.wso2.carbon.mediation.dependency.mgt.DependencyTracker} -  Local entry : SERVER_HOST was added to the Synapse configuration successfully {org.wso2.carbon.mediation.dependency.mgt.DependencyTracker}
TID: [-1234] [] [2018-09-10 17:20:35,248]  INFO {org.wso2.carbon.mediation.dependency.mgt.DependencyTracker} -  Local entry : SERVER_IP was added to the Synapse configuration successfully {org.wso2.carbon.mediation.dependency.mgt.DependencyTracker}
TID: [-1234] [] [2018-09-10 17:20:35,250]  INFO {org.apache.synapse.Axis2SynapseController} -  Loading mediator extensions... {org.apache.synapse.Axis2SynapseController}
TID: [-1234] [] [2018-09-10 17:20:35,279]  INFO {org.wso2.carbon.core.deployment.DeploymentInterceptor} -  Deploying Axis2 service: echo {super-tenant} {org.wso2.carbon.core.deployment.DeploymentInterceptor}
TID: [-1234] [] [2018-09-10 17:20:35,279]  INFO {org.apache.axis2.deployment.DeploymentEngine} -  Deploying Web service: Echo.aar - file:/F:/wso2esb-5.0.0-v2.0/bin/../repository/deployment/server/axis2services/Echo.aar {org.apache.axis2.deployment.DeploymentEngine}
TID: [-1234] [] [2018-09-10 17:20:35,322]  INFO {org.wso2.carbon.core.deployment.DeploymentInterceptor} -  Deploying Axis2 service: Version {super-tenant} {org.wso2.carbon.core.deployment.DeploymentInterceptor}
TID: [-1234] [] [2018-09-10 17:20:35,323]  INFO {org.apache.axis2.deployment.DeploymentEngine} -  Deploying Web service: Version.aar - file:/F:/wso2esb-5.0.0-v2.0/bin/../repository/deployment/server/axis2services/Version.aar {org.apache.axis2.deployment.DeploymentEngine}
TID: [-1234] [] [2018-09-10 17:20:35,370]  INFO {org.wso2.carbon.event.stream.core.EventStreamDeployer} -  Stream definition is deployed successfully  : org.wso2.esb.analytics.stream.ConfigEntry:1.0.0 {org.wso2.carbon.event.stream.core.EventStreamDeployer}
TID: [-1234] [] [2018-09-10 17:20:35,377]  INFO {org.wso2.carbon.event.stream.core.EventStreamDeployer} -  Stream definition is deployed successfully  : org.wso2.esb.analytics.stream.FlowEntry:1.0.0 {org.wso2.carbon.event.stream.core.EventStreamDeployer}
TID: [-1234] [] [2018-09-10 17:20:35,384]  INFO {org.wso2.carbon.event.publisher.core.internal.util.helper.EventPublisherConfigurationFilesystemInvoker} -  Event Publisher configuration deleted from the file system : MessageFlowConfigurationPublisher.xml {org.wso2.carbon.event.publisher.core.internal.util.helper.EventPublisherConfigurationFilesystemInvoker}
TID: [-1234] [] [2018-09-10 17:20:35,385]  INFO {org.wso2.carbon.event.publisher.core.EventPublisherDeployer} -  Event Publisher undeployed successfully : MessageFlowConfigurationPublisher.xml {org.wso2.carbon.event.publisher.core.EventPublisherDeployer}
TID: [-1234] [] [2018-09-10 17:20:35,719]  INFO {org.wso2.carbon.event.publisher.core.internal.util.helper.EventPublisherConfigurationFilesystemInvoker} -  Event Publisher configuration saved in the filesystem : MessageFlowConfigurationPublisher.xml {org.wso2.carbon.event.publisher.core.internal.util.helper.EventPublisherConfigurationFilesystemInvoker}
TID: [-1234] [] [2018-09-10 17:20:35,735]  INFO {org.wso2.carbon.event.stream.core.internal.EventJunction} -  WSO2EventConsumer added to the junction. Stream:org.wso2.esb.analytics.stream.ConfigEntry:1.0.0 {org.wso2.carbon.event.stream.core.internal.EventJunction}
TID: [-1234] [] [2018-09-10 17:20:35,738]  INFO {org.wso2.carbon.event.publisher.core.EventPublisherDeployer} -  Event Publisher configuration successfully deployed and in active state : MessageFlowConfigurationPublisher {org.wso2.carbon.event.publisher.core.EventPublisherDeployer}
TID: [-1234] [] [2018-09-10 17:20:35,746]  INFO {org.wso2.carbon.event.publisher.core.internal.util.helper.EventPublisherConfigurationFilesystemInvoker} -  Event Publisher configuration deleted from the file system : MessageFlowStatisticsPublisher.xml {org.wso2.carbon.event.publisher.core.internal.util.helper.EventPublisherConfigurationFilesystemInvoker}
TID: [-1234] [] [2018-09-10 17:20:35,748]  INFO {org.wso2.carbon.event.publisher.core.EventPublisherDeployer} -  Event Publisher undeployed successfully : MessageFlowStatisticsPublisher.xml {org.wso2.carbon.event.publisher.core.EventPublisherDeployer}
TID: [-1234] [] [2018-09-10 17:20:35,764]  INFO {org.wso2.carbon.event.publisher.core.internal.util.helper.EventPublisherConfigurationFilesystemInvoker} -  Event Publisher configuration saved in the filesystem : MessageFlowStatisticsPublisher.xml {org.wso2.carbon.event.publisher.core.internal.util.helper.EventPublisherConfigurationFilesystemInvoker}
TID: [-1234] [] [2018-09-10 17:20:35,772]  INFO {org.wso2.carbon.event.stream.core.internal.EventJunction} -  WSO2EventConsumer added to the junction. Stream:org.wso2.esb.analytics.stream.FlowEntry:1.0.0 {org.wso2.carbon.event.stream.core.internal.EventJunction}
TID: [-1234] [] [2018-09-10 17:20:35,774]  INFO {org.wso2.carbon.event.publisher.core.EventPublisherDeployer} -  Event Publisher configuration successfully deployed and in active state : MessageFlowStatisticsPublisher {org.wso2.carbon.event.publisher.core.EventPublisherDeployer}
TID: [-1234] [] [2018-09-10 17:20:35,774]  INFO {org.apache.synapse.Axis2SynapseController} -  Deploying the Synapse service... {org.apache.synapse.Axis2SynapseController}
TID: [-1234] [] [2018-09-10 17:20:35,783]  INFO {org.apache.synapse.Axis2SynapseController} -  Deploying Proxy services... {org.apache.synapse.Axis2SynapseController}
TID: [-1234] [] [2018-09-10 17:20:35,784]  INFO {org.apache.synapse.Axis2SynapseController} -  Deploying EventSources... {org.apache.synapse.Axis2SynapseController}
TID: [-1234] [] [2018-09-10 17:20:35,802]  INFO {org.apache.synapse.ServerManager} -  Server ready for processing... {org.apache.synapse.ServerManager}
TID: [-1234] [] [2018-09-10 17:20:35,846]  INFO {org.wso2.carbon.das.messageflow.data.publisher.internal.MediationStatisticsComponent} -  Global Message-Flow Statistic Reporting is Disabled {org.wso2.carbon.das.messageflow.data.publisher.internal.MediationStatisticsComponent}
TID: [-1234] [] [2018-09-10 17:20:35,939]  INFO {org.wso2.carbon.inbound.endpoint.persistence.InboundEndpointsDataStore} -  Inbound endpoint registry data not found, so re-initializing registry data {org.wso2.carbon.inbound.endpoint.persistence.InboundEndpointsDataStore}
TID: [-1234] [] [2018-09-10 17:20:36,366]  INFO {org.apache.synapse.transport.passthru.PassThroughHttpSSLListener} -  Starting Pass-through HTTPS Listener... {org.apache.synapse.transport.passthru.PassThroughHttpSSLListener}
TID: [-1234] [] [2018-09-10 17:20:36,391]  INFO {org.apache.synapse.transport.passthru.core.PassThroughListeningIOReactorManager} -  Pass-through HTTPS Listener started on 0:0:0:0:0:0:0:0:8243 {org.apache.synapse.transport.passthru.core.PassThroughListeningIOReactorManager}
TID: [-1234] [] [2018-09-10 17:20:36,393]  INFO {org.apache.synapse.transport.passthru.PassThroughHttpListener} -  Starting Pass-through HTTP Listener... {org.apache.synapse.transport.passthru.PassThroughHttpListener}
TID: [-1234] [] [2018-09-10 17:20:36,425]  INFO {org.apache.synapse.transport.passthru.core.PassThroughListeningIOReactorManager} -  Pass-through HTTP Listener started on 0:0:0:0:0:0:0:0:8280 {org.apache.synapse.transport.passthru.core.PassThroughListeningIOReactorManager}
TID: [-1234] [] [2018-09-10 17:20:36,448]  INFO {org.apache.tomcat.util.net.NioSelectorPool} -  Using a shared selector for servlet write/read {org.apache.tomcat.util.net.NioSelectorPool}
TID: [-1234] [] [2018-09-10 17:20:36,584]  INFO {org.apache.tomcat.util.net.NioSelectorPool} -  Using a shared selector for servlet write/read {org.apache.tomcat.util.net.NioSelectorPool}
TID: [-1234] [] [2018-09-10 17:20:36,731]  INFO {org.wso2.carbon.ntask.core.service.impl.TaskServiceImpl} -  Task service starting in STANDALONE mode... {org.wso2.carbon.ntask.core.service.impl.TaskServiceImpl}
TID: [-1234] [] [2018-09-10 17:20:36,768]  INFO {org.wso2.carbon.mediation.ntask.NTaskTaskManager} -  Initialized task manager. Tenant [-1234] {org.wso2.carbon.mediation.ntask.NTaskTaskManager}
TID: [-1234] [] [2018-09-10 17:20:37,240]  INFO {org.wso2.carbon.core.init.JMXServerManager} -  JMX Service URL  : service:jmx:rmi://localhost:11111/jndi/rmi://localhost:9999/jmxrmi {org.wso2.carbon.core.init.JMXServerManager}
TID: [-1234] [] [2018-09-10 17:20:37,244]  INFO {org.wso2.carbon.core.internal.StartupFinalizerServiceComponent} -  Server           :  WSO2 Enterprise Service Bus-5.0.0 {org.wso2.carbon.core.internal.StartupFinalizerServiceComponent}
TID: [-1234] [] [2018-09-10 17:20:37,248]  INFO {org.wso2.carbon.core.internal.StartupFinalizerServiceComponent} -  WSO2 Carbon started in 32 sec {org.wso2.carbon.core.internal.StartupFinalizerServiceComponent}
TID: [-1234] [] [2018-09-10 17:20:37,872]  INFO {org.wso2.carbon.ui.internal.CarbonUIServiceComponent} -  Mgt Console URL  : https://192.168.40.1:9443/carbon/ {org.wso2.carbon.ui.internal.CarbonUIServiceComponent}
TID: [-1234] [] [2018-09-10 17:20:50,180]  WARN {org.wso2.carbon.core.services.util.CarbonAuthenticationUtil} -  Failed Administrator login attempt 'admin[-1234]' at [2018-09-10 17:20:50,179+0800] {org.wso2.carbon.core.services.util.CarbonAuthenticationUtil}
TID: [-1234] [] [2018-09-10 17:20:58,358]  INFO {org.wso2.carbon.core.services.util.CarbonAuthenticationUtil} -  'admin@carbon.super [-1234]' logged in at [2018-09-10 17:20:58,358+0800] {org.wso2.carbon.core.services.util.CarbonAuthenticationUtil}
TID: [-1234] [] [2018-09-10 17:22:06,478]  INFO {org.wso2.carbon.application.deployer.internal.ApplicationManager} -  Deploying Carbon Application : HttpServicesCompositeApplication_1.0.0.car... {org.wso2.carbon.application.deployer.internal.ApplicationManager}
TID: [-1234] [] [2018-09-10 17:22:07,616]  INFO {org.apache.synapse.rest.API} -  Initializing API: HealthcareAPI {org.apache.synapse.rest.API}
TID: [-1234] [] [2018-09-10 17:22:07,618]  INFO {org.wso2.carbon.mediation.dependency.mgt.DependencyTracker} -  API : HealthcareAPI was added to the Synapse configuration successfully - [ Deployed From Artifact Container: HttpServicesCompositeApplication ]  {org.wso2.carbon.mediation.dependency.mgt.DependencyTracker}
TID: [-1234] [] [2018-09-10 17:22:07,618]  INFO {org.apache.synapse.deployers.APIDeployer} -  API named 'HealthcareAPI' has been deployed from file : F:\wso2esb-5.0.0-v2.0\tmp\carbonapps\-1234\1536571326480HttpServicesCompositeApplication_1.0.0.car\HealthcareAPI_1.0.0\HealthcareAPI-1.0.0.xml {org.apache.synapse.deployers.APIDeployer}
TID: [-1234] [] [2018-09-10 17:22:07,630]  INFO {org.wso2.carbon.mediation.dependency.mgt.DependencyTracker} -  Endpoint : QueryDoctorEP was added to the Synapse configuration successfully - [ Deployed From Artifact Container: HttpServicesCompositeApplication ]  {org.wso2.carbon.mediation.dependency.mgt.DependencyTracker}
TID: [-1234] [] [2018-09-10 17:22:07,630]  INFO {org.apache.synapse.deployers.EndpointDeployer} -  Endpoint named 'QueryDoctorEP' has been deployed from file : F:\wso2esb-5.0.0-v2.0\tmp\carbonapps\-1234\1536571326480HttpServicesCompositeApplication_1.0.0.car\QueryDoctorEP_1.0.0\QueryDoctorEP-1.0.0.xml {org.apache.synapse.deployers.EndpointDeployer}
TID: [-1234] [] [2018-09-10 17:22:07,631]  INFO {org.wso2.carbon.application.deployer.internal.ApplicationManager} -  Successfully Deployed Carbon Application : HttpServicesCompositeApplication_1.0.0 {super-tenant} {org.wso2.carbon.application.deployer.internal.ApplicationManager}
